delivery_app/build 3/app/intermediates/manifest_merge_blame_file/debug/manifest-merger-blame-debug-report.txt
1<?xml version="1.0" encoding="utf-8"?>
2<manifest xmlns:android="http://schemas.android.com/apk/res/android"
3    package="com.kwikbasket.delivery_app.delivery_app"
4    android:versionCode="1"
5    android:versionName="1.0.0" >
6
7    <uses-sdk
8        android:minSdkVersion="21"
9        android:targetSdkVersion="30" />
10    <!--
11         Flutter needs it to communicate with the running application
12         to allow setting breakpoints, to provide hot reload, etc.
13    -->
14    <uses-permission android:name="android.permission.INTERNET" />
14-->src/debug/AndroidManifest.xml:6:5-66
14-->src/debug/AndroidManifest.xml:6:22-64
15    <uses-permission android:name="android.permission.QUERY_ALL_PACKAGES" />
15-->src/main/AndroidManifest.xml:3:5-77
15-->src/main/AndroidManifest.xml:3:22-74
16    <uses-permission android:name="android.permission.ACCESS_FINE_LOCATION" />
16-->src/main/AndroidManifest.xml:4:5-79
16-->src/main/AndroidManifest.xml:4:22-76
17    <uses-permission android:name="android.permission.ACCESS_COARSE_LOCATION" />
17-->src/main/AndroidManifest.xml:5:5-81
17-->src/main/AndroidManifest.xml:5:22-78
18    <uses-permission android:name="android.permission.RECORD_AUDIO" />
18-->src/main/AndroidManifest.xml:54:5-71
18-->src/main/AndroidManifest.xml:54:22-68
19    <uses-permission android:name="android.permission.ACCESS_FINE_LOCATION" />
19-->src/main/AndroidManifest.xml:4:5-79
19-->src/main/AndroidManifest.xml:4:22-76
20    <uses-permission android:name="android.permission.WRITE_EXTERNAL_STORAGE" />
20-->src/main/AndroidManifest.xml:56:5-81
20-->src/main/AndroidManifest.xml:56:22-78
21    <uses-permission android:name="android.permission.READ_EXTERNAL_STORAGE" />
21-->src/main/AndroidManifest.xml:57:5-80
21-->src/main/AndroidManifest.xml:57:22-77
22    <uses-permission android:name="android.permission.FOREGROUND_SERVICE" /> <!-- Include required permissions for Google Maps API to run. -->
22-->[:geolocator_android] AndroidManifest.xml:7:5-77
22-->[:geolocator_android] AndroidManifest.xml:7:22-74
23    <uses-permission android:name="android.permission.ACCESS_NETWORK_STATE" />
23-->[com.google.android.gms:play-services-maps:17.0.0] AndroidManifest.xml:23:5-79
23-->[com.google.android.gms:play-services-maps:17.0.0] AndroidManifest.xml:23:22-76
24
25    <uses-feature
25-->[com.google.android.gms:play-services-maps:17.0.0] AndroidManifest.xml:26:5-28:35
26        android:glEsVersion="0x00020000"
26-->[com.google.android.gms:play-services-maps:17.0.0] AndroidManifest.xml:27:9-41
27        android:required="true" />
27-->[com.google.android.gms:play-services-maps:17.0.0] AndroidManifest.xml:28:9-32
28
29    <uses-permission android:name="android.permission.CAMERA" /> <!-- Don't require camera, as this requires a rear camera. This allows it to work on the Nexus 7 -->
29-->[com.journeyapps:zxing-android-embedded:4.3.0] AndroidManifest.xml:22:5-65
29-->[com.journeyapps:zxing-android-embedded:4.3.0] AndroidManifest.xml:22:22-62
30    <uses-feature
30-->[com.journeyapps:zxing-android-embedded:4.3.0] AndroidManifest.xml:25:5-27:36
31        android:name="android.hardware.camera"
31-->[com.journeyapps:zxing-android-embedded:4.3.0] AndroidManifest.xml:26:9-47
32        android:required="false" />
32-->[com.journeyapps:zxing-android-embedded:4.3.0] AndroidManifest.xml:27:9-33
33    <uses-feature
33-->[com.journeyapps:zxing-android-embedded:4.3.0] AndroidManifest.xml:28:5-30:36
34        android:name="android.hardware.camera.front"
34-->[com.journeyapps:zxing-android-embedded:4.3.0] AndroidManifest.xml:29:9-53
35        android:required="false" /> <!-- TODO replace above two with next line after Android 4.2 -->
35-->[com.journeyapps:zxing-android-embedded:4.3.0] AndroidManifest.xml:30:9-33
36    <!-- <uses-feature android:name="android.hardware.camera.any"/> -->
37    <uses-feature
37-->[com.journeyapps:zxing-android-embedded:4.3.0] AndroidManifest.xml:33:5-35:36
38        android:name="android.hardware.camera.autofocus"
38-->[com.journeyapps:zxing-android-embedded:4.3.0] AndroidManifest.xml:34:9-57
39        android:required="false" />
39-->[com.journeyapps:zxing-android-embedded:4.3.0] AndroidManifest.xml:35:9-33
40    <uses-feature
40-->[com.journeyapps:zxing-android-embedded:4.3.0] AndroidManifest.xml:36:5-38:36
41        android:name="android.hardware.camera.flash"
41-->[com.journeyapps:zxing-android-embedded:4.3.0] AndroidManifest.xml:37:9-53
42        android:required="false" />
42-->[com.journeyapps:zxing-android-embedded:4.3.0] AndroidManifest.xml:38:9-33
43    <uses-feature
43-->[com.journeyapps:zxing-android-embedded:4.3.0] AndroidManifest.xml:39:5-41:36
44        android:name="android.hardware.screen.landscape"
44-->[com.journeyapps:zxing-android-embedded:4.3.0] AndroidManifest.xml:40:9-57
45        android:required="false" />
45-->[com.journeyapps:zxing-android-embedded:4.3.0] AndroidManifest.xml:41:9-33
46    <uses-feature
46-->[com.journeyapps:zxing-android-embedded:4.3.0] AndroidManifest.xml:42:5-44:36
47        android:name="android.hardware.wifi"
47-->[com.journeyapps:zxing-android-embedded:4.3.0] AndroidManifest.xml:43:9-45
48        android:required="false" />
48-->[com.journeyapps:zxing-android-embedded:4.3.0] AndroidManifest.xml:44:9-33
49
50    <application
51        android:name="android.app.Application"
52        android:allowBackup="false"
53        android:appComponentFactory="androidx.core.app.CoreComponentFactory"
53-->[androidx.core:core:1.7.0] AndroidManifest.xml:24:18-86
54        android:debuggable="true"
55        android:icon="@mipmap/launcher_icon"
56        android:label="Kwikbasket Delivery" >
57        <activity
58            android:name="io.flutter.plugins.urllauncher.WebViewActivity"
59            android:exported="false"
60            android:theme="@android:style/Theme.NoTitleBar.Fullscreen" />
61        <activity
62            android:name="com.kwikbasket.delivery_app.delivery_app.MainActivity"
63            android:configChanges="orientation|keyboardHidden|keyboard|screenSize|smallestScreenSize|locale|layoutDirection|fontScale|screenLayout|density|uiMode"
64            android:hardwareAccelerated="true"
65            android:launchMode="singleTop"
66            android:theme="@style/LaunchTheme"
67            android:windowSoftInputMode="adjustResize" >
68
69            <!--
70                 Specifies an Android theme to apply to this Activity as soon as
71                 the Android process has started. This theme is visible to the user
72                 while the Flutter UI initializes. After that, this theme continues
73                 to determine the Window background behind the Flutter UI.
74            -->
75            <meta-data
76                android:name="io.flutter.embedding.android.NormalTheme"
77                android:resource="@style/NormalTheme" />
78            <meta-data
79                android:name="com.google.android.geo.API_KEY"
80                android:value="AIzaSyCUj3QK9TEgRUIHCOjCrZrHB3SrY0Lo-Lg" />
81            <!--
82                 Displays an Android View that continues showing the launch screen
83                 Drawable until Flutter paints its first frame, then this splash
84                 screen fades out. A splash screen is useful to avoid any visual
85                 gap between the end of Android's launch screen and the painting of
86                 Flutter's first frame.
87            -->
88            <meta-data
89                android:name="io.flutter.embedding.android.SplashScreenDrawable"
90                android:resource="@drawable/launch_background" />
91
92            <intent-filter>
93                <action android:name="android.intent.action.MAIN" />
94
95                <category android:name="android.intent.category.LAUNCHER" />
96            </intent-filter>
97        </activity>
98        <!--
99             Don't delete the meta-data below.
100             This is used by the Flutter tool to generate GeneratedPluginRegistrant.java
101        -->
102        <meta-data
103            android:name="flutterEmbedding"
104            android:value="2" />
105        <meta-data
106            android:name="com.google.android.geo.API_KEY"
107            android:value="AIzaSyC609B_WIP-xSXEWnauc4p-xGvV3draH2s" />
108
109        <service
109-->[:geolocator_android] AndroidManifest.xml:10:9-14:56
110            android:name="com.baseflow.geolocator.GeolocatorLocationService"
110-->[:geolocator_android] AndroidManifest.xml:11:13-77
111            android:enabled="true"
111-->[:geolocator_android] AndroidManifest.xml:12:13-35
112            android:exported="false"
112-->[:geolocator_android] AndroidManifest.xml:13:13-37
113            android:foregroundServiceType="location" />
113-->[:geolocator_android] AndroidManifest.xml:14:13-53
114
115        <provider
115-->[:image_picker] AndroidManifest.xml:8:9-16:20
116            android:name="io.flutter.plugins.imagepicker.ImagePickerFileProvider"
116-->[:image_picker] AndroidManifest.xml:9:13-82
117            android:authorities="com.kwikbasket.delivery_app.delivery_app.flutter.image_provider"
117-->[:image_picker] AndroidManifest.xml:10:13-74
118            android:exported="false"
118-->[:image_picker] AndroidManifest.xml:11:13-37
119            android:grantUriPermissions="true" >
119-->[:image_picker] AndroidManifest.xml:12:13-47
120            <meta-data
120-->[:image_picker] AndroidManifest.xml:13:13-15:75
121                android:name="android.support.FILE_PROVIDER_PATHS"
121-->[:image_picker] AndroidManifest.xml:14:17-67
122                android:resource="@xml/flutter_image_picker_file_paths" />
122-->[:image_picker] AndroidManifest.xml:15:17-72
123        </provider>
124
125        <uses-library
125-->[androidx.window:window:1.0.0-beta04] AndroidManifest.xml:25:9-27:40
126            android:name="androidx.window.extensions"
126-->[androidx.window:window:1.0.0-beta04] AndroidManifest.xml:26:13-54
127            android:required="false" />
127-->[androidx.window:window:1.0.0-beta04] AndroidManifest.xml:27:13-37
128        <uses-library
128-->[androidx.window:window:1.0.0-beta04] AndroidManifest.xml:28:9-30:40
129            android:name="androidx.window.sidecar"
129-->[androidx.window:window:1.0.0-beta04] AndroidManifest.xml:29:13-51
130            android:required="false" /> <!-- Needs to be explicitly declared on P+ -->
130-->[androidx.window:window:1.0.0-beta04] AndroidManifest.xml:30:13-37
131        <uses-library
131-->[com.google.android.gms:play-services-maps:17.0.0] AndroidManifest.xml:33:9-35:40
132            android:name="org.apache.http.legacy"
132-->[com.google.android.gms:play-services-maps:17.0.0] AndroidManifest.xml:34:13-50
133            android:required="false" />
133-->[com.google.android.gms:play-services-maps:17.0.0] AndroidManifest.xml:35:13-37
134
135        <activity
135-->[com.google.android.gms:play-services-base:17.0.0] AndroidManifest.xml:23:9-26:75
136            android:name="com.google.android.gms.common.api.GoogleApiActivity"
136-->[com.google.android.gms:play-services-base:17.0.0] AndroidManifest.xml:24:13-79
137            android:exported="false"
137-->[com.google.android.gms:play-services-base:17.0.0] AndroidManifest.xml:25:13-37
138            android:theme="@android:style/Theme.Translucent.NoTitleBar" />
138-->[com.google.android.gms:play-services-base:17.0.0] AndroidManifest.xml:26:13-72
139
140        <meta-data
140-->[com.google.android.gms:play-services-basement:17.0.0] AndroidManifest.xml:23:9-25:69
141            android:name="com.google.android.gms.version"
141-->[com.google.android.gms:play-services-basement:17.0.0] AndroidManifest.xml:24:13-58
142            android:value="@integer/google_play_services_version" />
142-->[com.google.android.gms:play-services-basement:17.0.0] AndroidManifest.xml:25:13-66
143
144        <provider
144-->[androidx.emoji2:emoji2:1.0.0] AndroidManifest.xml:26:9-34:20
145            android:name="androidx.startup.InitializationProvider"
145-->[androidx.emoji2:emoji2:1.0.0] AndroidManifest.xml:27:13-67
146            android:authorities="com.kwikbasket.delivery_app.delivery_app.androidx-startup"
146-->[androidx.emoji2:emoji2:1.0.0] AndroidManifest.xml:28:13-68
147            android:exported="false" >
147-->[androidx.emoji2:emoji2:1.0.0] AndroidManifest.xml:29:13-37
148            <meta-data
148-->[androidx.emoji2:emoji2:1.0.0] AndroidManifest.xml:31:13-33:52
149                android:name="androidx.emoji2.text.EmojiCompatInitializer"
149-->[androidx.emoji2:emoji2:1.0.0] AndroidManifest.xml:32:17-75
150                android:value="androidx.startup" />
150-->[androidx.emoji2:emoji2:1.0.0] AndroidManifest.xml:33:17-49
151            <meta-data
151-->[androidx.lifecycle:lifecycle-process:2.4.0] AndroidManifest.xml:31:13-33:52
152                android:name="androidx.lifecycle.ProcessLifecycleInitializer"
152-->[androidx.lifecycle:lifecycle-process:2.4.0] AndroidManifest.xml:32:17-78
153                android:value="androidx.startup" />
153-->[androidx.lifecycle:lifecycle-process:2.4.0] AndroidManifest.xml:33:17-49
154        </provider>
155
156        <activity
156-->[com.journeyapps:zxing-android-embedded:4.3.0] AndroidManifest.xml:47:9-53:63
157            android:name="com.journeyapps.barcodescanner.CaptureActivity"
157-->[com.journeyapps:zxing-android-embedded:4.3.0] AndroidManifest.xml:48:13-74
158            android:clearTaskOnLaunch="true"
158-->[com.journeyapps:zxing-android-embedded:4.3.0] AndroidManifest.xml:49:13-45
159            android:screenOrientation="sensorLandscape"
159-->[com.journeyapps:zxing-android-embedded:4.3.0] AndroidManifest.xml:50:13-56
160            android:stateNotNeeded="true"
160-->[com.journeyapps:zxing-android-embedded:4.3.0] AndroidManifest.xml:51:13-42
161            android:theme="@style/zxing_CaptureTheme"
161-->[com.journeyapps:zxing-android-embedded:4.3.0] AndroidManifest.xml:52:13-54
162            android:windowSoftInputMode="stateAlwaysHidden" />
162-->[com.journeyapps:zxing-android-embedded:4.3.0] AndroidManifest.xml:53:13-60
163    </application>
164
165</manifest>